client/build/app/intermediates/manifest_merge_blame_file/debug/manifest-merger-blame-debug-report.txt
1<?xml version="1.0" encoding="utf-8"?>
2<manifest xmlns:android="http://schemas.android.com/apk/res/android"
3    package="com.example.client"
4    android:versionCode="1"
5    android:versionName="1.0.0" >
6
7    <uses-sdk
8        android:minSdkVersion="16"
9        android:targetSdkVersion="31" />
10    <!--
11         Flutter needs it to communicate with the running application
12         to allow setting breakpoints, to provide hot reload, etc.
13    -->
14    <uses-permission android:name="android.permission.INTERNET" />
14-->src\main\AndroidManifest.xml:3:5-67
14-->src\main\AndroidManifest.xml:3:22-64
15    <uses-permission android:name="android.permission.REQUEST_INSTALL_PACKAGES" />
15-->[:open_file] AndroidManifest.xml:8:5-83
15-->[:open_file] AndroidManifest.xml:8:22-80
16    <uses-permission android:name="android.permission.READ_EXTERNAL_STORAGE" />
16-->[:open_file] AndroidManifest.xml:9:5-80
16-->[:open_file] AndroidManifest.xml:9:22-77
17
18    <application
19        android:name="android.app.Application"
20        android:appComponentFactory="androidx.core.app.CoreComponentFactory"
20-->[androidx.core:core:1.6.0] AndroidManifest.xml:24:18-86
21        android:debuggable="true"
22        android:icon="@mipmap/ic_launcher"
23        android:label="client"
24        android:usesCleartextTraffic="true" >
25        <uses-library
26            android:name="org.apache.http.legacy"
27            android:required="false" />
28
29        <activity
30            android:name="com.example.client.MainActivity"
31            android:configChanges="orientation|keyboardHidden|keyboard|screenSize|smallestScreenSize|locale|layoutDirection|fontScale|screenLayout|density|uiMode"
32            android:exported="true"
33            android:hardwareAccelerated="true"
34            android:launchMode="singleTop"
35            android:theme="@style/LaunchTheme"
36            android:windowSoftInputMode="adjustResize" >
37
38            <!--
39                 Specifies an Android theme to apply to this Activity as soon as
40                 the Android process has started. This theme is visible to the user
41                 while the Flutter UI initializes. After that, this theme continues
42                 to determine the Window background behind the Flutter UI.
43            -->
44            <meta-data
45                android:name="io.flutter.embedding.android.NormalTheme"
46                android:resource="@style/NormalTheme" />
47
48            <intent-filter>
49                <action android:name="android.intent.action.MAIN" />
50
51                <category android:name="android.intent.category.LAUNCHER" />
52            </intent-filter>
53        </activity>
54        <!--
55             Don't delete the meta-data below.
56             This is used by the Flutter tool to generate GeneratedPluginRegistrant.java
57        -->
58        <meta-data
59            android:name="flutterEmbedding"
60            android:value="2" />
61
62        <provider
62-->[:image_picker_android] AndroidManifest.xml:8:9-16:20
63            android:name="io.flutter.plugins.imagepicker.ImagePickerFileProvider"
63-->[:image_picker_android] AndroidManifest.xml:9:13-82
64            android:authorities="com.example.client.flutter.image_provider"
64-->[:image_picker_android] AndroidManifest.xml:10:13-74
65            android:exported="false"
65-->[:image_picker_android] AndroidManifest.xml:11:13-37
66            android:grantUriPermissions="true" >
66-->[:image_picker_android] AndroidManifest.xml:12:13-47
67            <meta-data
67-->[:image_picker_android] AndroidManifest.xml:13:13-15:75
68                android:name="android.support.FILE_PROVIDER_PATHS"
68-->[:image_picker_android] AndroidManifest.xml:14:17-67
69                android:resource="@xml/flutter_image_picker_file_paths" />
69-->[:image_picker_android] AndroidManifest.xml:15:17-72
70        </provider>
71        <provider
71-->[:open_file] AndroidManifest.xml:12:9-21:20
72            android:name="com.crazecoder.openfile.FileProvider"
72-->[:open_file] AndroidManifest.xml:13:13-64
73            android:authorities="com.example.client.fileProvider.com.crazecoder.openfile"
73-->[:open_file] AndroidManifest.xml:14:13-88
74            android:exported="false"
74-->[:open_file] AndroidManifest.xml:15:13-37
75            android:grantUriPermissions="true" >
75-->[:open_file] AndroidManifest.xml:16:13-47
76            <meta-data
76-->[:image_picker_android] AndroidManifest.xml:13:13-15:75
77                android:name="android.support.FILE_PROVIDER_PATHS"
77-->[:image_picker_android] AndroidManifest.xml:14:17-67
78                android:resource="@xml/filepaths" />
78-->[:image_picker_android] AndroidManifest.xml:15:17-72
79        </provider>
80
81        <uses-library
81-->[androidx.window:window:1.0.0-beta04] AndroidManifest.xml:25:9-27:40
82            android:name="androidx.window.extensions"
82-->[androidx.window:window:1.0.0-beta04] AndroidManifest.xml:26:13-54
83            android:required="false" />
83-->[androidx.window:window:1.0.0-beta04] AndroidManifest.xml:27:13-37
84        <uses-library
84-->[androidx.window:window:1.0.0-beta04] AndroidManifest.xml:28:9-30:40
85            android:name="androidx.window.sidecar"
85-->[androidx.window:window:1.0.0-beta04] AndroidManifest.xml:29:13-51
86            android:required="false" />
86-->[androidx.window:window:1.0.0-beta04] AndroidManifest.xml:30:13-37
87    </application>
88
89</manifest>